2022-11-23 18:20:53,037 INFO Введите максимальное значение для генерации числа
2022-11-23 18:21:24,617 INFO Пользователь ввел: 7
2022-11-23 18:21:24,617 INFO Корректно введенное значение: 7
2022-11-23 18:21:24,617 INFO Введите количество попыток
2022-11-23 18:21:30,230 INFO Пользователь ввел: 3
2022-11-23 18:21:30,230 INFO Корректно введенное значение: 3
2022-11-23 18:21:30,230 INFO Сгенерированное число: 4
2022-11-23 18:21:30,230 INFO Введите число для угадывания
2022-11-23 18:21:35,760 INFO Пользователь ввел: 4
2022-11-23 18:21:35,761 INFO Корректно введенное значение: 4
2022-11-23 18:21:35,761 INFO Пользователь угадал число.
2022-11-23 18:22:31,079 INFO Введите максимальное значение для генерации числа
2022-11-23 18:22:32,721 INFO Пользователь ввел: 10
2022-11-23 18:22:32,721 INFO Корректно введенное значение: 10
2022-11-23 18:22:32,721 INFO Введите количество попыток
2022-11-23 18:22:33,550 INFO Пользователь ввел: 5
2022-11-23 18:22:33,551 INFO Корректно введенное значение: 5
2022-11-23 18:22:33,551 INFO Сгенерированное число: 5
2022-11-23 18:22:33,551 INFO Введите число для угадывания
2022-11-23 18:22:36,627 INFO Пользователь ввел: 5
2022-11-23 18:22:36,628 INFO Корректно введенное значение: 5
2022-11-23 18:22:36,628 INFO Пользователь угадал число.
